<?xml version="1.0" encoding="UTF-8"?>
<testsuite xmlns:xsi="http://www.w3.org/2001/XMLSchema-instance" xsi:noNamespaceSchemaLocation="https://maven.apache.org/surefire/maven-surefire-plugin/xsd/surefire-test-report.xsd" name="com.mayyar.mayyarEffectiveJava.AppTest" time="0.025" tests="1" errors="0" skipped="0" failures="0">
  <properties>
    <property name="java.specification.version" value="18"/>
    <property name="sun.jnu.encoding" value="UTF-8"/>
    <property name="java.class.path" value="/Users/mayyaral-atari/Desktop/work/experiments/books/effectiveJavaV3/mayyarEffectiveJava/target/test-classes:/Users/mayyaral-atari/Desktop/work/experiments/books/effectiveJavaV3/mayyarEffectiveJava/target/classes:/Users/mayyaral-atari/.m2/repository/org/projectlombok/lombok/1.18.24/lombok-1.18.24.jar:/Users/mayyaral-atari/.m2/repository/junit/junit/4.11/junit-4.11.jar:/Users/mayyaral-atari/.m2/repository/org/hamcrest/hamcrest-core/1.3/hamcrest-core-1.3.jar:"/>
    <property name="java.vm.vendor" value="Homebrew"/>
    <property name="sun.arch.data.model" value="64"/>
    <property name="java.vendor.url" value="https://github.com/Homebrew/homebrew-core/issues"/>
    <property name="os.name" value="Mac OS X"/>
    <property name="java.vm.specification.version" value="18"/>
    <property name="sun.java.launcher" value="SUN_STANDARD"/>
    <property name="user.country" value="CA"/>
    <property name="sun.boot.library.path" value="/usr/local/Cellar/openjdk/18.0.2.1/libexec/openjdk.jdk/Contents/Home/lib"/>
    <property name="sun.java.command" value="/Users/mayyaral-atari/Desktop/work/experiments/books/effectiveJavaV3/mayyarEffectiveJava/target/surefire/surefirebooter2382903922599918413.jar /Users/mayyaral-atari/Desktop/work/experiments/books/effectiveJavaV3/mayyarEffectiveJava/target/surefire 2022-11-27T16-29-10_282-jvmRun1 surefire5270634536826425398tmp surefire_014898052661038169462tmp"/>
    <property name="http.nonProxyHosts" value="local|*.local|169.254/16|*.169.254/16"/>
    <property name="jdk.debug" value="release"/>
    <property name="surefire.test.class.path" value="/Users/mayyaral-atari/Desktop/work/experiments/books/effectiveJavaV3/mayyarEffectiveJava/target/test-classes:/Users/mayyaral-atari/Desktop/work/experiments/books/effectiveJavaV3/mayyarEffectiveJava/target/classes:/Users/mayyaral-atari/.m2/repository/org/projectlombok/lombok/1.18.24/lombok-1.18.24.jar:/Users/mayyaral-atari/.m2/repository/junit/junit/4.11/junit-4.11.jar:/Users/mayyaral-atari/.m2/repository/org/hamcrest/hamcrest-core/1.3/hamcrest-core-1.3.jar:"/>
    <property name="sun.cpu.endian" value="little"/>
    <property name="user.home" value="/Users/mayyaral-atari"/>
    <property name="user.language" value="en"/>
    <property name="java.specification.vendor" value="Oracle Corporation"/>
    <property name="java.version.date" value="2022-08-18"/>
    <property name="java.home" value="/usr/local/Cellar/openjdk/18.0.2.1/libexec/openjdk.jdk/Contents/Home"/>
    <property name="file.separator" value="/"/>
    <property name="basedir" value="/Users/mayyaral-atari/Desktop/work/experiments/books/effectiveJavaV3/mayyarEffectiveJava"/>
    <property name="java.vm.compressedOopsMode" value="Zero based"/>
    <property name="line.separator" value="&#10;"/>
    <property name="java.vm.specification.vendor" value="Oracle Corporation"/>
    <property name="java.specification.name" value="Java Platform API Specification"/>
    <property name="apple.awt.application.name" value="ForkedBooter"/>
    <property name="surefire.real.class.path" value="/Users/mayyaral-atari/Desktop/work/experiments/books/effectiveJavaV3/mayyarEffectiveJava/target/surefire/surefirebooter2382903922599918413.jar"/>
    <property name="sun.management.compiler" value="HotSpot 64-Bit Tiered Compilers"/>
    <property name="ftp.nonProxyHosts" value="local|*.local|169.254/16|*.169.254/16"/>
    <property name="java.runtime.version" value="18.0.2.1+0"/>
    <property name="user.name" value="mayyaral-atari"/>
    <property name="path.separator" value=":"/>
    <property name="os.version" value="10.15.7"/>
    <property name="java.runtime.name" value="OpenJDK Runtime Environment"/>
    <property name="file.encoding" value="UTF-8"/>
    <property name="java.vm.name" value="OpenJDK 64-Bit Server VM"/>
    <property name="java.vendor.version" value="Homebrew"/>
    <property name="localRepository" value="/Users/mayyaral-atari/.m2/repository"/>
    <property name="java.vendor.url.bug" value="https://github.com/Homebrew/homebrew-core/issues"/>
    <property name="java.io.tmpdir" value="/var/folders/6j/qd2952nd19g043tstc_bv37m0000gn/T/"/>
    <property name="java.version" value="18.0.2.1"/>
    <property name="user.dir" value="/Users/mayyaral-atari/Desktop/work/experiments/books/effectiveJavaV3/mayyarEffectiveJava"/>
    <property name="os.arch" value="x86_64"/>
    <property name="java.vm.specification.name" value="Java Virtual Machine Specification"/>
    <property name="native.encoding" value="UTF-8"/>
    <property name="java.library.path" value="/Users/mayyaral-atari/Library/Java/Extensions:/Library/Java/Extensions:/Network/Library/Java/Extensions:/System/Library/Java/Extensions:/usr/lib/java:."/>
    <property name="java.vm.info" value="mixed mode, sharing"/>
    <property name="java.vendor" value="Homebrew"/>
    <property name="java.vm.version" value="18.0.2.1+0"/>
    <property name="sun.io.unicode.encoding" value="UnicodeBig"/>
    <property name="socksNonProxyHosts" value="local|*.local|169.254/16|*.169.254/16"/>
    <property name="java.class.version" value="62.0"/>
  </properties>
  <testcase name="shouldAnswerWithTrue" classname="com.mayyar.mayyarEffectiveJava.AppTest" time="0.003"/>
</testsuite>